<?xml version="1.0" encoding="UTF-8"?>
<testng-results ignored="0" total="1" passed="1" failed="0" skipped="0">
  <reporter-output>
  </reporter-output>
  <suite started-at="2026-08-24T18:34:58 IST" name="Suite" finished-at="2026-08-24T18:35:11 IST" duration-ms="12701">
    <groups>
      <group name="Master">
        <method signature="TC001_AccountRegistrationTest.verify_account_registration()[pri:0, instance:testCases.TC001_AccountRegistrationTest@7b9a4292]" name="verify_account_registration" class="testCases.TC001_AccountRegistrationTest"/>
      </group> <!-- Master -->
      <group name="Regression">
        <method signature="TC001_AccountRegistrationTest.verify_account_registration()[pri:0, instance:testCases.TC001_AccountRegistrationTest@7b9a4292]" name="verify_account_registration" class="testCases.TC001_AccountRegistrationTest"/>
      </group> <!-- Regression -->
    </groups>
    <test started-at="2026-08-24T18:34:58 IST" name="Test" finished-at="2026-08-24T18:35:11 IST" duration-ms="12701">
      <class name="testCases.TC001_AccountRegistrationTest">
        <test-method is-config="true" signature="setup(java.lang.String,java.lang.String)[pri:0, instance:testCases.TC001_AccountRegistrationTest@7b9a4292]" started-at="2026-08-24T18:34:59 IST" name="setup" finished-at="2026-08-24T18:35:04 IST" duration-ms="5514" status="PASS">
          <params>
            <param index="0">
              <value>
                <![CDATA[Windows]]>
              </value>
            </param>
            <param index="1">
              <value>
                <![CDATA[edge]]>
              </value>
            </param>
          </params>
          <reporter-output>
          </reporter-output>
        </test-method> <!-- setup -->
        <test-method signature="verify_account_registration()[pri:0, instance:testCases.TC001_AccountRegistrationTest@7b9a4292]" started-at="2026-08-24T18:35:04 IST" name="verify_account_registration" finished-at="2026-08-24T18:35:10 IST" duration-ms="6049" status="PASS">
          <reporter-output>
          </reporter-output>
        </test-method> <!-- verify_account_registration -->
        <test-method is-config="true" signature="tearDown()[pri:0, instance:testCases.TC001_AccountRegistrationTest@7b9a4292]" started-at="2026-08-24T18:35:10 IST" name="tearDown" finished-at="2026-08-24T18:35:11 IST" duration-ms="438" status="PASS">
          <reporter-output>
          </reporter-output>
        </test-method> <!-- tearDown -->
      </class> <!-- testCases.TC001_AccountRegistrationTest -->
    </test> <!-- Test -->
  </suite> <!-- Suite -->
</testng-results>
